<?xml version="1.0" encoding="UTF-8"?>
<testsuite xmlns:xsi="http://www.w3.org/2001/XMLSchema-instance" xsi:noNamespaceSchemaLocation="https://maven.apache.org/surefire/maven-surefire-plugin/xsd/surefire-test-report.xsd" name="rockets.mining.RocketMinerUnitTest" time="0.667" tests="3" errors="0" skipped="0" failures="0">
  <properties>
[...]
</properties>
  <testcase name="shouldReturnTopMostRecentLaunches{int}[1]" classname="rockets.mining.RocketMinerUnitTest" time="0.667"/>
  <testcase name="shouldReturnTopMostRecentLaunches{int}[2]" classname="rockets.mining.RocketMinerUnitTest" time="0"/>
  <testcase name="shouldReturnTopMostRecentLaunches{int}[3]" classname="rockets.mining.RocketMinerUnitTest" time="0"/>
</testsuite>